<?xml version="1.0" encoding="UTF-8"?>
<testng-results skipped="0" failed="0" ignored="0" total="1" passed="1">
  <reporter-output>
  </reporter-output>
  <suite name="Suite" duration-ms="52509" started-at="2020-10-03T12:47:12Z" finished-at="2020-10-03T12:48:05Z">
    <groups>
    </groups>
    <test name="Test" duration-ms="52509" started-at="2020-10-03T12:47:12Z" finished-at="2020-10-03T12:48:05Z">
      <class name="pageObjects.EME_LoginPage">
        <test-method status="PASS" signature="before()[pri:0, instance:pageObjects.EME_LoginPage@13b6aecc]" name="before" is-config="true" duration-ms="432" started-at="2020-10-03T12:47:12Z" finished-at="2020-10-03T12:47:12Z">
          <reporter-output>
          </reporter-output>
        </test-method> <!-- before -->
        <test-method status="PASS" signature="login()[pri:0, instance:pageObjects.EME_LoginPage@13b6aecc]" name="login" duration-ms="52434" started-at="2020-10-03T12:47:12Z" finished-at="2020-10-03T12:48:05Z">
          <reporter-output>
          </reporter-output>
        </test-method> <!-- login -->
        <test-method status="PASS" signature="extentReportClosure()[pri:0, instance:pageObjects.EME_LoginPage@13b6aecc]" name="extentReportClosure" is-config="true" duration-ms="4883" started-at="2020-10-03T12:48:05Z" finished-at="2020-10-03T12:48:10Z">
          <reporter-output>
          </reporter-output>
        </test-method> <!-- extentReportClosure -->
      </class> <!-- pageObjects.EME_LoginPage -->
    </test> <!-- Test -->
  </suite> <!-- Suite -->
</testng-results>
